<?xml version="1.0" encoding="UTF-8"?>
<testsuite name="Kata_Tennis.TennisTest" tests="1" skipped="0" failures="0" errors="0" timestamp="2022-12-17T17:50:47" hostname="DESKTOP-AU7EGV9" time="0.171">
  <properties/>
  <testcase name="someLibraryReturnsTrue()" classname="Kata_Tennis.TennisTest" time="0.171"/>
  <system-out><![CDATA[]]></system-out>
  <system-err><![CDATA[]]></system-err>
</testsuite>
